kotlin version: 2.0.0
error message: org.jetbrains.kotlin.backend.common.CompilationException: Back-end: Please report this problem https://kotl.in/issue
C:/Users/erik-pc/IdeaProjects/java-spring/src/main/java/spring/entities/User.kt:6:1
Problem with `@Serializable
@Entity
@Table(name = "tb_users")
class User {
  constructor(id: Long = 0L, name: String? = null, email: String? = null, phone: String? = null, password: String? = null, orders: List<Order?> = listOf<Order?>()) /* primary */ {
    super/*Any*/()
    /* <init>() */

  }

  private var id: Long
    field = id
    private get
    private set

  private var name: String?
    field = name
    private get
    private set

  private var email: String?
    field = email
    private get
    private set

  private var phone: String?
    field = phone
    private get
    private set

  private var password: String?
    field = password
    private get
    private set

  @Contextual
  private var orders: List<Order?>
    field = orders
    private get
    private set

  override operator fun equals(other: Any?): Boolean {
    when {
      EQEQEQ(arg0 = <this>, arg1 = other) -> return true
    }
    when {
      EQEQ(arg0 = <this>.<get-javaClass><User>(), arg1 = { // BLOCK
        val tmp0_safe_receiver: Any? = other
        when {
          EQEQ(arg0 = tmp0_safe_receiver, arg1 = null) -> null
          else -> tmp0_safe_receiver.<get-javaClass><Any>()
        }
      }).not() -> return false
    }
    other as User /*~> Unit */
    return EQEQ(arg0 = <this>.<get-name>(), arg1 = other /*as User */.<get-name>())
  }

  override fun hashCode(): Int {
    return { // BLOCK
      val tmp0_elvis_lhs: Int? = { // BLOCK
        val tmp1_safe_receiver: String? = <this>.<get-name>()
        when {
          EQEQ(arg0 = tmp1_safe_receiver, arg1 = null) -> null
          else -> tmp1_safe_receiver.hashCode()
        }
      }
      when {
        EQEQ(arg0 = tmp0_elvis_lhs, arg1 = null) -> 0
        else -> tmp0_elvis_lhs
      }
    }
  }

  companion object Companion {
    private constructor() /* primary */ {
      super/*Any*/()
      /* <init>() */

    }

    fun serializer(): KSerializer<User>

    /* fake */ override operator fun equals(other: Any?): Boolean

    /* fake */ override fun hashCode(): Int

    /* fake */ override fun toString(): String

  }

  @Deprecated(message = "This synthesized declaration should not be used directly", level = DeprecationLevel.HIDDEN)
  object $serializer : GeneratedSerializer<User> {
    private constructor() /* primary */ {
      super/*Any*/()
      /* <init>() */

    }

    override fun serialize(encoder: Encoder, value: User)

    override fun deserialize(decoder: Decoder): User

    override val descriptor: SerialDescriptor
      override get

    override fun childSerializers(): Array<KSerializer<*>>

    /* fake */ override fun typeParametersSerializers(): Array<KSerializer<*>>

    /* fake */ override operator fun equals(other: Any?): Boolean

    /* fake */ override fun hashCode(): Int

    /* fake */ override fun toString(): String

  }

  /* fake */ override fun toString(): String

  @JvmStatic
  internal fun write$Self(self: User, output: CompositeEncoder, serialDesc: SerialDescriptor)

  internal constructor(seen0: Int, id: Long, name: String?, email: String?, phone: String?, password: String?, orders: List<Order?>?, serializationConstructorMarker: SerializationConstructorMarker?)

}

`
Details: kotlinx.serialization compiler plugin internal error: unable to transform declaration, see cause
	at org.jetbrains.kotlinx.serialization.compiler.extensions.SerializerClassLowering.lower(SerializationLoweringExtension.kt:228)
	at org.jetbrains.kotlinx.serialization.compiler.extensions.SerializationLoweringExtensionKt$runOnFileInOrder$1.visitClass(SerializationLoweringExtension.kt:46)
	at org.jetbrains.kotlin.ir.visitors.IrElementVisitorVoid$DefaultImpls.visitClass(IrElementVisitorVoid.kt:44)
	at org.jetbrains.kotlinx.serialization.compiler.extensions.SerializationLoweringExtensionKt$runOnFileInOrder$1.visitClass(SerializationLoweringExtension.kt:40)
	at org.jetbrains.kotlinx.serialization.compiler.extensions.SerializationLoweringExtensionKt$runOnFileInOrder$1.visitClass(SerializationLoweringExtension.kt:40)
	at org.jetbrains.kotlin.ir.declarations.IrClass.accept(IrClass.kt:72)
	at org.jetbrains.kotlin.ir.declarations.IrFile.acceptChildren(IrFile.kt:34)
	at org.jetbrains.kotlin.ir.visitors.IrVisitorsKt.acceptChildrenVoid(IrVisitors.kt:15)
	at org.jetbrains.kotlinx.serialization.compiler.extensions.SerializationLoweringExtensionKt$runOnFileInOrder$1.visitElement(SerializationLoweringExtension.kt:42)
	at org.jetbrains.kotlin.ir.visitors.IrElementVisitorVoid$DefaultImpls.visitPackageFragment(IrElementVisitorVoid.kt:168)
	at org.jetbrains.kotlinx.serialization.compiler.extensions.SerializationLoweringExtensionKt$runOnFileInOrder$1.visitPackageFragment(SerializationLoweringExtension.kt:40)
	at org.jetbrains.kotlin.ir.visitors.IrElementVisitorVoid$DefaultImpls.visitFile(IrElementVisitorVoid.kt:184)
	at org.jetbrains.kotlinx.serialization.compiler.extensions.SerializationLoweringExtensionKt$runOnFileInOrder$1.visitFile(SerializationLoweringExtension.kt:40)
	at org.jetbrains.kotlin.ir.visitors.IrElementVisitorVoid$DefaultImpls.visitFile(IrElementVisitorVoid.kt:180)
	at org.jetbrains.kotlinx.serialization.compiler.extensions.SerializationLoweringExtensionKt$runOnFileInOrder$1.visitFile(SerializationLoweringExtension.kt:40)
	at org.jetbrains.kotlinx.serialization.compiler.extensions.SerializationLoweringExtensionKt$runOnFileInOrder$1.visitFile(SerializationLoweringExtension.kt:40)
	at org.jetbrains.kotlin.ir.declarations.IrFile.accept(IrFile.kt:28)
	at org.jetbrains.kotlin.ir.visitors.IrVisitorsKt.acceptVoid(IrVisitors.kt:11)
	at org.jetbrains.kotlinx.serialization.compiler.extensions.SerializationLoweringExtensionKt.runOnFileInOrder(SerializationLoweringExtension.kt:40)
	at org.jetbrains.kotlinx.serialization.compiler.extensions.SerializationLoweringExtension.generate(SerializationLoweringExtension.kt:193)
	at org.jetbrains.kotlin.fir.pipeline.ConvertToIrKt.applyIrGenerationExtensions(convertToIr.kt:260)
	at org.jetbrains.kotlin.fir.pipeline.ConvertToIrKt.convertToIrAndActualize(convertToIr.kt:139)
	at org.jetbrains.kotlin.fir.pipeline.ConvertToIrKt.convertToIrAndActualize$default(convertToIr.kt:65)
	at org.jetbrains.kotlin.cli.jvm.compiler.pipeline.JvmCompilerPipelineKt.convertToIrAndActualizeForJvm(jvmCompilerPipeline.kt:193)
	at org.jetbrains.kotlin.cli.jvm.compiler.pipeline.JvmCompilerPipelineKt.convertAnalyzedFirToIr(jvmCompilerPipeline.kt:167)
	at org.jetbrains.kotlin.cli.jvm.compiler.pipeline.JvmCompilerPipelineKt.compileModulesUsingFrontendIrAndLightTree(jvmCompilerPipeline.kt:138)
	at org.jetbrains.kotlin.cli.jvm.K2JVMCompiler.doExecute(K2JVMCompiler.kt:155)
	at org.jetbrains.kotlin.cli.jvm.K2JVMCompiler.doExecute(K2JVMCompiler.kt:50)
	at org.jetbrains.kotlin.cli.common.CLICompiler.execImpl(CLICompiler.kt:104)
	at org.jetbrains.kotlin.cli.common.CLICompiler.execImpl(CLICompiler.kt:48)
	at org.jetbrains.kotlin.cli.common.CLITool.exec(CLITool.kt:101)
	at org.jetbrains.kotlin.incremental.IncrementalJvmCompilerRunner.runCompiler(IncrementalJvmCompilerRunner.kt:453)
	at org.jetbrains.kotlin.incremental.IncrementalJvmCompilerRunner.runCompiler(IncrementalJvmCompilerRunner.kt:62)
	at org.jetbrains.kotlin.incremental.IncrementalCompilerRunner.doCompile(IncrementalCompilerRunner.kt:506)
	at org.jetbrains.kotlin.incremental.IncrementalCompilerRunner.compileImpl(IncrementalCompilerRunner.kt:423)
	at org.jetbrains.kotlin.incremental.IncrementalCompilerRunner.tryCompileIncrementally$lambda$9$compile(IncrementalCompilerRunner.kt:249)
	at org.jetbrains.kotlin.incremental.IncrementalCompilerRunner.tryCompileIncrementally(IncrementalCompilerRunner.kt:267)
	at org.jetbrains.kotlin.incremental.IncrementalCompilerRunner.compile(IncrementalCompilerRunner.kt:120)
	at org.jetbrains.kotlin.daemon.CompileServiceImplBase.execIncrementalCompiler(CompileServiceImpl.kt:676)
	at org.jetbrains.kotlin.daemon.CompileServiceImplBase.access$execIncrementalCompiler(CompileServiceImpl.kt:92)
	at org.jetbrains.kotlin.daemon.CompileServiceImpl.compile(CompileServiceImpl.kt:1661)
	at jdk.internal.reflect.GeneratedMethodAccessor12.invoke(Unknown Source)
	at java.base/jdk.internal.reflect.DelegatingMethodAccessorImpl.invoke(DelegatingMethodAccessorImpl.java:43)
	at java.base/java.lang.reflect.Method.invoke(Method.java:568)
	at java.rmi/sun.rmi.server.UnicastServerRef.dispatch(UnicastServerRef.java:360)
	at java.rmi/sun.rmi.transport.Transport$1.run(Transport.java:200)
	at java.rmi/sun.rmi.transport.Transport$1.run(Transport.java:197)
	at java.base/java.security.AccessController.doPrivileged(AccessController.java:712)
	at java.rmi/sun.rmi.transport.Transport.serviceCall(Transport.java:196)
	at java.rmi/sun.rmi.transport.tcp.TCPTransport.handleMessages(TCPTransport.java:587)
	at java.rmi/sun.rmi.transport.tcp.TCPTransport$ConnectionHandler.run0(TCPTransport.java:828)
	at java.rmi/sun.rmi.transport.tcp.TCPTransport$ConnectionHandler.lambda$run$0(TCPTransport.java:705)
	at java.base/java.security.AccessController.doPrivileged(AccessController.java:399)
	at java.rmi/sun.rmi.transport.tcp.TCPTransport$ConnectionHandler.run(TCPTransport.java:704)
	at java.base/java.util.concurrent.ThreadPoolExecutor.runWorker(ThreadPoolExecutor.java:1136)
	at java.base/java.util.concurrent.ThreadPoolExecutor$Worker.run(ThreadPoolExecutor.java:635)
	at java.base/java.lang.Thread.run(Thread.java:840)
Caused by: java.lang.IllegalStateException: Serializer for element of type spring.entities.Order? has not been found
	at org.jetbrains.kotlinx.serialization.compiler.backend.ir.SerializerSearchUtilKt.findTypeSerializerOrContext(SerializerSearchUtil.kt:84)
	at org.jetbrains.kotlinx.serialization.compiler.backend.ir.BaseIrGenerator.serializerInstance(BaseIrGenerator.kt:713)
	at org.jetbrains.kotlinx.serialization.compiler.backend.ir.BaseIrGenerator.serializerInstance$instantiate(BaseIrGenerator.kt:546)
	at org.jetbrains.kotlinx.serialization.compiler.backend.ir.BaseIrGenerator.serializerInstance(BaseIrGenerator.kt:589)
	at org.jetbrains.kotlinx.serialization.compiler.backend.ir.BaseIrGenerator.cacheableChildSerializerInstance(BaseIrGenerator.kt:489)
	at org.jetbrains.kotlinx.serialization.compiler.backend.ir.BaseIrGenerator.createCachedChildSerializers(BaseIrGenerator.kt:467)
	at org.jetbrains.kotlinx.serialization.compiler.backend.ir.SerializableIrGenerator.<init>(SerializableIrGenerator.kt:59)
	at org.jetbrains.kotlinx.serialization.compiler.backend.ir.SerializableIrGenerator$Companion.generate(SerializableIrGenerator.kt:398)
	at org.jetbrains.kotlinx.serialization.compiler.extensions.SerializerClassLowering.lower(SerializationLoweringExtension.kt:145)
	... 56 more


